<?xml version="1.0" encoding="UTF-8" ?>
<testsuite tests="10" failures="0" name="epam.lab7.ut.CalcTest" time="0.038" errors="0" skipped="0">
  <properties>
[...]
</properties>
  <testcase classname="epam.lab7.ut.CalcTest" name="shouldBePowException" time="0.037"/>
  <testcase classname="epam.lab7.ut.CalcTest" name="shouldBeSumException" time="0"/>
  <testcase classname="epam.lab7.ut.CalcTest" name="shouldBeMinusException" time="0"/>
  <testcase classname="epam.lab7.ut.CalcTest" name="shouldBeMultException" time="0"/>
  <testcase classname="epam.lab7.ut.CalcTest" name="shouldBeFoundDiv" time="0"/>
  <testcase classname="epam.lab7.ut.CalcTest" name="shouldBeFoundSum" time="0"/>
  <testcase classname="epam.lab7.ut.CalcTest" name="shouldBeDivException" time="0"/>
  <testcase classname="epam.lab7.ut.CalcTest" name="shouldBePow" time="0.001"/>
  <testcase classname="epam.lab7.ut.CalcTest" name="shouldBeFoundMult" time="0"/>
  <testcase classname="epam.lab7.ut.CalcTest" name="shouldBeFoundMinus" time="0"/>
</testsuite>